<?xml version="1.0" encoding="UTF-8"?>
<testng-results skipped="0" failed="0" ignored="0" total="1" passed="1">
  <reporter-output>
  </reporter-output>
  <suite name="Default suite" duration-ms="45530" started-at="2019-02-12T14:50:18Z" finished-at="2019-02-12T14:51:04Z">
    <groups>
    </groups>
    <test name="Default test" duration-ms="45530" started-at="2019-02-12T14:50:18Z" finished-at="2019-02-12T14:51:04Z">
      <class name="com.selenium.robot.UploadUsingAutoIT">
        <test-method status="PASS" signature="upload()[pri:0, instance:com.selenium.robot.UploadUsingAutoIT@482f8f11]" name="upload" duration-ms="45506" started-at="2019-02-12T14:50:18Z" finished-at="2019-02-12T14:51:04Z">
          <reporter-output>
          </reporter-output>
        </test-method> <!-- upload -->
      </class> <!-- com.selenium.robot.UploadUsingAutoIT -->
    </test> <!-- Default test -->
  </suite> <!-- Default suite -->
</testng-results>
